<?xml version="1.0" encoding="UTF-8" ?>
<testsuite failures="0" time="0.004" errors="0" skipped="0" tests="1" name="net.mcmmorpg.admin.yuyanyanplugin.AppTest">
  <properties>
    <property name="java.runtime.name" value="Java(TM) SE Runtime Environment"/>
    <property name="sun.boot.library.path" value="C:\Users\kojima\Desktop\Plugin開発\pleiades\eclipse\jre\bin"/>
    <property name="java.vm.version" value="24.0-b56"/>
    <property name="java.vm.vendor" value="Oracle Corporation"/>
    <property name="java.vendor.url" value="http://java.oracle.com/"/>
    <property name="path.separator" value=";"/>
    <property name="guice.disable.misplaced.annotation.check" value="true"/>
    <property name="java.vm.name" value="Java HotSpot(TM) 64-Bit Server VM"/>
    <property name="file.encoding.pkg" value="sun.io"/>
    <property name="user.script" value=""/>
    <property name="user.country" value="JP"/>
    <property name="sun.java.launcher" value="SUN_STANDARD"/>
    <property name="sun.os.patch.level" value="Service Pack 1"/>
    <property name="java.vm.specification.name" value="Java Virtual Machine Specification"/>
    <property name="user.dir" value="C:\Users\kojima\Desktop\Plugin開発\pleiades\workspace\yuyanyanplugin"/>
    <property name="java.runtime.version" value="1.7.0_40-b43"/>
    <property name="java.awt.graphicsenv" value="sun.awt.Win32GraphicsEnvironment"/>
    <property name="java.endorsed.dirs" value="C:\Users\kojima\Desktop\Plugin開発\pleiades\eclipse\jre\lib\endorsed"/>
    <property name="os.arch" value="amd64"/>
    <property name="java.io.tmpdir" value="C:\Users\kojima\AppData\Local\Temp\"/>
    <property name="line.separator" value="
"/>
    <property name="java.vm.specification.vendor" value="Oracle Corporation"/>
    <property name="user.variant" value=""/>
    <property name="os.name" value="Windows 7"/>
    <property name="classworlds.conf" value="C:\Users\kojima\Desktop\Plugin開発\pleiades\workspace\.metadata\.plugins\org.eclipse.m2e.launching\launches\m2conf2525587574550398808.tmp"/>
    <property name="sun.jnu.encoding" value="MS932"/>
    <property name="java.library.path" value="C:\Users\kojima\Desktop\Plugin開発\pleiades\eclipse\jre\bin;C:\windows\Sun\Java\bin;C:\windows\system32;C:\windows;C:/Users/kojima/Desktop/Plugin開発/pleiades/eclipse/jre/bin/server;C:/Users/kojima/Desktop/Plugin開発/pleiades/eclipse/jre/bin;C:/Users/kojima/Desktop/Plugin開発/pleiades/eclipse/jre/lib/amd64;C:\Program Files\Trend Micro\AMSP\;C:\Program Files (x86)\iis express\PHP\v5.5;C:\Program Files (x86)\iis express\PHP\v5.3;C:\Program Files\Common Files\Microsoft Shared\Windows Live;C:\Program Files (x86)\Common Files\Microsoft Shared\Windows Live;C:\windows\system32;C:\windows;C:\windows\System32\Wbem;C:\windows\System32\WindowsPowerShell\v1.0\;C:\Program Files (x86)\Windows Live\Shared;c:\Program Files (x86)\Common Files\Ulead Systems\MPEG;C:\Program Files (x86)\QuickTime\QTSystem\;C:\Program Files (x86)\jZip;c:\Program Files (x86)\Microsoft SQL Server\90\Tools\binn\;;C:\Users\kojima\Desktop\Plugin開発\pleiades\eclipse;;."/>
    <property name="java.specification.name" value="Java Platform API Specification"/>
    <property name="java.class.version" value="51.0"/>
    <property name="sun.management.compiler" value="HotSpot 64-Bit Tiered Compilers"/>
    <property name="os.version" value="6.1"/>
    <property name="user.home" value="C:\Users\kojima"/>
    <property name="user.timezone" value="Asia/Tokyo"/>
    <property name="java.awt.printerjob" value="sun.awt.windows.WPrinterJob"/>
    <property name="java.specification.version" value="1.7"/>
    <property name="file.encoding" value="UTF-8"/>
    <property name="user.name" value="kojima"/>
    <property name="java.class.path" value="/C:/Users/kojima/Desktop/Plugin開発/pleiades/eclipse/configuration/org.eclipse.osgi/bundles/531/1/.cp/jars/plexus-classworlds-2.4.jar"/>
    <property name="java.vm.specification.version" value="1.7"/>
    <property name="sun.arch.data.model" value="64"/>
    <property name="java.home" value="C:\Users\kojima\Desktop\Plugin開発\pleiades\eclipse\jre"/>
    <property name="sun.java.command" value="org.codehaus.plexus.classworlds.launcher.Launcher -B package"/>
    <property name="java.specification.vendor" value="Oracle Corporation"/>
    <property name="user.language" value="ja"/>
    <property name="awt.toolkit" value="sun.awt.windows.WToolkit"/>
    <property name="java.vm.info" value="mixed mode"/>
    <property name="java.version" value="1.7.0_40"/>
    <property name="java.ext.dirs" value="C:\Users\kojima\Desktop\Plugin開発\pleiades\eclipse\jre\lib\ext;C:\windows\Sun\Java\lib\ext"/>
    <property name="sun.boot.class.path" value="C:\Users\kojima\Desktop\Plugin開発\pleiades\eclipse\jre\lib\resources.jar;C:\Users\kojima\Desktop\Plugin開発\pleiades\eclipse\jre\lib\rt.jar;C:\Users\kojima\Desktop\Plugin開発\pleiades\eclipse\jre\lib\sunrsasign.jar;C:\Users\kojima\Desktop\Plugin開発\pleiades\eclipse\jre\lib\jsse.jar;C:\Users\kojima\Desktop\Plugin開発\pleiades\eclipse\jre\lib\jce.jar;C:\Users\kojima\Desktop\Plugin開発\pleiades\eclipse\jre\lib\charsets.jar;C:\Users\kojima\Desktop\Plugin開発\pleiades\eclipse\jre\lib\jfr.jar;C:\Users\kojima\Desktop\Plugin開発\pleiades\eclipse\jre\classes"/>
    <property name="java.vendor" value="Oracle Corporation"/>
    <property name="maven.home" value="C:\Users\kojima\Desktop\Plugin開発\pleiades\workspace\yuyanyanplugin\EMBEDDED"/>
    <property name="file.separator" value="\"/>
    <property name="java.vendor.url.bug" value="http://bugreport.sun.com/bugreport/"/>
    <property name="maven.bootclasspath" value="/C:/Users/kojima/Desktop/Plugin開発/pleiades/eclipse/configuration/org.eclipse.osgi/bundles/531/1/.cp/jars/plexus-classworlds-2.4.jar"/>
    <property name="sun.cpu.endian" value="little"/>
    <property name="sun.io.unicode.encoding" value="UnicodeLittle"/>
    <property name="sun.desktop" value="windows"/>
    <property name="sun.cpu.isalist" value="amd64"/>
  </properties>
  <testcase time="0" classname="net.mcmmorpg.admin.yuyanyanplugin.AppTest" name="testApp"/>
</testsuite>